<?xml version="1.0" encoding="UTF-8"?>
<!-- Generated by org.testng.reporters.JUnitXMLReporter -->
<testsuite ignored="0" hostname="LAPTOP-Q3LTTOU9" failures="0" tests="5" name="CarLoan" time="9.275" errors="0" timestamp="2021-07-15T17:31:57 IST">
  <testcase classname="com.InterestAmount.testSuites.CarLoanEMI_TestCase" name="openBrowsertestCase" time="7.673"/>
  <testcase classname="com.InterestAmount.testSuites.CarLoanEMI_TestCase" name="carEMIFormtestCase" time="0.501"/>
  <testcase classname="com.InterestAmount.testSuites.CarLoanEMI_TestCase" name="getdatatestcase" time="0.329"/>
  <testcase classname="com.InterestAmount.testSuites.CarLoanEMI_TestCase" name="closetestcase" time="0.455"/>
  <testcase classname="com.InterestAmount.testSuites.CarLoanEMI_TestCase" name="endReportestcase" time="0.257"/>
</testsuite> <!-- CarLoan -->
