<?xml version="1.0" encoding="UTF-8"?>
<!-- Generated by org.testng.reporters.JUnitXMLReporter -->
<testsuite ignored="0" hostname="LAPTOP-Q3LTTOU9" failures="0" tests="16" name="EMI" time="13.74" errors="0" timestamp="2021-07-15T17:32:24 IST">
  <testcase classname="com.InterestAmount.testSuites.LoanEMICalculatorUICheck_TestCase" name="testOpenBrowserTestCase" time="5.687"/>
  <testcase classname="com.InterestAmount.testSuites.LoanEMICalculatorUICheck_TestCase" name="testLoanEMICalcNavigate" time="4.356"/>
  <testcase classname="com.InterestAmount.testSuites.LoanEMICalculatorUICheck_TestCase" name="testFeeChargesSlider" time="0.32"/>
  <testcase classname="com.InterestAmount.testSuites.LoanEMICalculatorUICheck_TestCase" name="testFeeChargesTextBox" time="0.272"/>
  <testcase classname="com.InterestAmount.testSuites.LoanEMICalculatorUICheck_TestCase" name="testFeeSliderCheck" time="0.516"/>
  <testcase classname="com.InterestAmount.testSuites.LoanEMICalculatorUICheck_TestCase" name="testInterestRateSlider" time="0.168"/>
  <testcase classname="com.InterestAmount.testSuites.LoanEMICalculatorUICheck_TestCase" name="testInterestRateSliderCheck" time="0.499"/>
  <testcase classname="com.InterestAmount.testSuites.LoanEMICalculatorUICheck_TestCase" name="testInterestRateTextBox" time="0.133"/>
  <testcase classname="com.InterestAmount.testSuites.LoanEMICalculatorUICheck_TestCase" name="testLoanAmtSlider" time="0.085"/>
  <testcase classname="com.InterestAmount.testSuites.LoanEMICalculatorUICheck_TestCase" name="testLoanAmtSliderCheck" time="0.479"/>
  <testcase classname="com.InterestAmount.testSuites.LoanEMICalculatorUICheck_TestCase" name="testLoanAmtTextBox" time="0.113"/>
  <testcase classname="com.InterestAmount.testSuites.LoanEMICalculatorUICheck_TestCase" name="testLoanTermSlider" time="0.097"/>
  <testcase classname="com.InterestAmount.testSuites.LoanEMICalculatorUICheck_TestCase" name="testLoanTermSliderCheck" time="0.498"/>
  <testcase classname="com.InterestAmount.testSuites.LoanEMICalculatorUICheck_TestCase" name="testLoanTermTextBox" time="0.122"/>
  <testcase classname="com.InterestAmount.testSuites.LoanEMICalculatorUICheck_TestCase" name="close" time="0.242"/>
  <testcase classname="com.InterestAmount.testSuites.LoanEMICalculatorUICheck_TestCase" name="endReport" time="0.091"/>
</testsuite> <!-- EMI -->
