<?xml version="1.0" encoding="UTF-8"?>
<!-- Generated by org.testng.reporters.JUnitXMLReporter -->
<testsuite ignored="0" hostname="LAPTOP-Q3LTTOU9" failures="0" tests="5" name="HomeLoan" time="13.794" errors="0" timestamp="2021-07-15T17:32:11 IST">
  <testcase classname="com.InterestAmount.testSuites.HomeLoanEMI_TestCase" name="testopenBrowser" time="5.448"/>
  <testcase classname="com.InterestAmount.testSuites.HomeLoanEMI_TestCase" name="testHomeEmi" time="4.159"/>
  <testcase classname="com.InterestAmount.testSuites.HomeLoanEMI_TestCase" name="testdataexport" time="3.62"/>
  <testcase classname="com.InterestAmount.testSuites.HomeLoanEMI_TestCase" name="close" time="0.458"/>
  <testcase classname="com.InterestAmount.testSuites.HomeLoanEMI_TestCase" name="endReport" time="0.093"/>
</testsuite> <!-- HomeLoan -->
