<?xml version="1.0" encoding="UTF-8"?>
<!-- Generated by org.testng.reporters.JUnitXMLReporter -->
<testsuite ignored="0" hostname="LAPTOP-Q3LTTOU9" failures="0" tests="15" name="homeTest" time="14.43" errors="0" timestamp="2021-07-15T17:32:39 IST">
  <testcase classname="com.InterestAmount.testSuites.LoanAmountCalculatorUICheck_TestCase" name="testloancalcnavigate" time="4.403"/>
  <testcase classname="com.InterestAmount.testSuites.LoanAmountCalculatorUICheck_TestCase" name="testEMIslider" time="0.272"/>
  <testcase classname="com.InterestAmount.testSuites.LoanAmountCalculatorUICheck_TestCase" name="testEMIslidercheck" time="0.826"/>
  <testcase classname="com.InterestAmount.testSuites.LoanAmountCalculatorUICheck_TestCase" name="testEMItextbox" time="0.175"/>
  <testcase classname="com.InterestAmount.testSuites.LoanAmountCalculatorUICheck_TestCase" name="testfeeChargeSlidercheck" time="0.497"/>
  <testcase classname="com.InterestAmount.testSuites.LoanAmountCalculatorUICheck_TestCase" name="testfeechargesslider" time="0.094"/>
  <testcase classname="com.InterestAmount.testSuites.LoanAmountCalculatorUICheck_TestCase" name="testfeechargestextbox" time="0.095"/>
  <testcase classname="com.InterestAmount.testSuites.LoanAmountCalculatorUICheck_TestCase" name="testinterestrateslider" time="0.085"/>
  <testcase classname="com.InterestAmount.testSuites.LoanAmountCalculatorUICheck_TestCase" name="testinterestrateslidercheck" time="0.473"/>
  <testcase classname="com.InterestAmount.testSuites.LoanAmountCalculatorUICheck_TestCase" name="testinterestratetextbox" time="0.113"/>
  <testcase classname="com.InterestAmount.testSuites.LoanAmountCalculatorUICheck_TestCase" name="testloantermslider" time="0.08"/>
  <testcase classname="com.InterestAmount.testSuites.LoanAmountCalculatorUICheck_TestCase" name="testloantermslidercheck" time="0.443"/>
  <testcase classname="com.InterestAmount.testSuites.LoanAmountCalculatorUICheck_TestCase" name="testloantermtextbox" time="0.143"/>
  <testcase classname="com.InterestAmount.testSuites.LoanAmountCalculatorUICheck_TestCase" name="close" time="0.247"/>
  <testcase classname="com.InterestAmount.testSuites.LoanAmountCalculatorUICheck_TestCase" name="endReport" time="0.098"/>
</testsuite> <!-- homeTest -->
