<?xml version="1.0" encoding="UTF-8"?>
<!-- Generated by org.testng.reporters.JUnitXMLReporter -->
<testsuite ignored="0" hostname="LAPTOP-Q3LTTOU9" failures="0" tests="16" name="Loan Tenure" time="13.136" errors="0" timestamp="2021-07-15T17:32:52 IST">
  <testcase classname="com.InterestAmount.testSuites.LoanTenureCalculatorUICheck_TestCase" name="openBrowsertestCase" time="5.315"/>
  <testcase classname="com.InterestAmount.testSuites.LoanTenureCalculatorUICheck_TestCase" name="testLoanTenureNavigate" time="4.503"/>
  <testcase classname="com.InterestAmount.testSuites.LoanTenureCalculatorUICheck_TestCase" name="testEMISlider" time="0.155"/>
  <testcase classname="com.InterestAmount.testSuites.LoanTenureCalculatorUICheck_TestCase" name="testEMISliderCheck" time="0.509"/>
  <testcase classname="com.InterestAmount.testSuites.LoanTenureCalculatorUICheck_TestCase" name="testEMITextBox" time="0.134"/>
  <testcase classname="com.InterestAmount.testSuites.LoanTenureCalculatorUICheck_TestCase" name="testFeeChargesSlider" time="0.083"/>
  <testcase classname="com.InterestAmount.testSuites.LoanTenureCalculatorUICheck_TestCase" name="testFeeChargesTextBox" time="0.077"/>
  <testcase classname="com.InterestAmount.testSuites.LoanTenureCalculatorUICheck_TestCase" name="testFeeSliderCheck" time="0.49"/>
  <testcase classname="com.InterestAmount.testSuites.LoanTenureCalculatorUICheck_TestCase" name="testInterestRateTextBox" time="0.117"/>
  <testcase classname="com.InterestAmount.testSuites.LoanTenureCalculatorUICheck_TestCase" name="testLoanAmountSlider" time="0.063"/>
  <testcase classname="com.InterestAmount.testSuites.LoanTenureCalculatorUICheck_TestCase" name="testLoanAmountSliderCheck" time="0.484"/>
  <testcase classname="com.InterestAmount.testSuites.LoanTenureCalculatorUICheck_TestCase" name="testLoanAmountTextBox" time="0.155"/>
  <testcase classname="com.InterestAmount.testSuites.LoanTenureCalculatorUICheck_TestCase" name="testLoanTermSlider" time="0.092"/>
  <testcase classname="com.InterestAmount.testSuites.LoanTenureCalculatorUICheck_TestCase" name="testLoanTermSliderCheck" time="0.477"/>
  <testcase classname="com.InterestAmount.testSuites.LoanTenureCalculatorUICheck_TestCase" name="testClose" time="0.333"/>
  <testcase classname="com.InterestAmount.testSuites.LoanTenureCalculatorUICheck_TestCase" name="testEndReport" time="0.12"/>
</testsuite> <!-- Loan Tenure -->
